# JRE version: Java(TM) SE Runtime Environment (8.0_25-b18) (build 1.8.0_25-b18)
# Java VM: Java HotSpot(TM) 64-Bit Server VM (25.25-b02 mixed mode windows-amd64 compressed oops)
Heap:
 PSYoungGen      total 217088K, used 21693K [0x00000000eab00000, 0x00000000f9800000, 0x0000000100000000)
  eden space 193536K, 11% used [0x00000000eab00000,0x00000000ec02f688,0x00000000f6800000)
  from space 23552K, 0% used [0x00000000f8100000,0x00000000f8100000,0x00000000f9800000)
  to   space 24576K, 0% used [0x00000000f6800000,0x00000000f6800000,0x00000000f8000000)
 ParOldGen       total 110080K, used 33181K [0x00000000c0000000, 0x00000000c6b80000, 0x00000000eab00000)
  object space 110080K, 30% used [0x00000000c0000000,0x00000000c2067420,0x00000000c6b80000)
 Metaspace       used 45676K, capacity 47182K, committed 48768K, reserved 1091584K
  class space    used 6146K, capacity 6683K, committed 7296K, reserved 1048576K
GC Heap History (10 events):
Event: 7.624 GC heap before
{Heap before GC invocations=12 (full 2):
 PSYoungGen      total 153600K, used 63180K [0x00000000eab00000, 0x00000000f8000000, 0x0000000100000000)
  eden space 135168K, 46% used [0x00000000eab00000,0x00000000ee8b30e8,0x00000000f2f00000)
  from space 18432K, 0% used [0x00000000f2f00000,0x00000000f2f00000,0x00000000f4100000)
  to   space 22528K, 0% used [0x00000000f6a00000,0x00000000f6a00000,0x00000000f8000000)
 ParOldGen       total 110080K, used 38907K [0x00000000c0000000, 0x00000000c6b80000, 0x00000000eab00000)
  object space 110080K, 35% used [0x00000000c0000000,0x00000000c25fef18,0x00000000c6b80000)
 Metaspace       used 40260K, capacity 41804K, committed 42112K, reserved 1085440K
  class space    used 5571K, capacity 6220K, committed 6272K, reserved 1048576K
Event: 7.644 GC heap after
Heap after GC invocations=12 (full 2):
 PSYoungGen      total 176128K, used 8466K [0x00000000eab00000, 0x00000000f7580000, 0x0000000100000000)
  eden space 164352K, 0% used [0x00000000eab00000,0x00000000eab00000,0x00000000f4b80000)
  from space 11776K, 71% used [0x00000000f6a00000,0x00000000f7244950,0x00000000f7580000)
  to   space 21504K, 0% used [0x00000000f4b80000,0x00000000f4b80000,0x00000000f6080000)
 ParOldGen       total 110080K, used 38915K [0x00000000c0000000, 0x00000000c6b80000, 0x00000000eab00000)
  object space 110080K, 35% used [0x00000000c0000000,0x00000000c2600f18,0x00000000c6b80000)
 Metaspace       used 40260K, capacity 41804K, committed 42112K, reserved 1085440K
  class space    used 5571K, capacity 6220K, committed 6272K, reserved 1048576K
}
Event: 7.644 GC heap before
{Heap before GC invocations=13 (full 3):
 PSYoungGen      total 176128K, used 8466K [0x00000000eab00000, 0x00000000f7580000, 0x0000000100000000)
  eden space 164352K, 0% used [0x00000000eab00000,0x00000000eab00000,0x00000000f4b80000)
  from space 11776K, 71% used [0x00000000f6a00000,0x00000000f7244950,0x00000000f7580000)
  to   space 21504K, 0% used [0x00000000f4b80000,0x00000000f4b80000,0x00000000f6080000)
 ParOldGen       total 110080K, used 38915K [0x00000000c0000000, 0x00000000c6b80000, 0x00000000eab00000)
  object space 110080K, 35% used [0x00000000c0000000,0x00000000c2600f18,0x00000000c6b80000)
 Metaspace       used 40260K, capacity 41804K, committed 42112K, reserved 1085440K
  class space    used 5571K, capacity 6220K, committed 6272K, reserved 1048576K
Event: 8.465 GC heap after
Heap after GC invocations=13 (full 3):
 PSYoungGen      total 176128K, used 0K [0x00000000eab00000, 0x00000000f7580000, 0x0000000100000000)
  eden space 164352K, 0% used [0x00000000eab00000,0x00000000eab00000,0x00000000f4b80000)
  from space 11776K, 0% used [0x00000000f6a00000,0x00000000f6a00000,0x00000000f7580000)
  to   space 21504K, 0% used [0x00000000f4b80000,0x00000000f4b80000,0x00000000f6080000)
 ParOldGen       total 110080K, used 43703K [0x00000000c0000000, 0x00000000c6b80000, 0x00000000eab00000)
  object space 110080K, 39% used [0x00000000c0000000,0x00000000c2aadec0,0x00000000c6b80000)
 Metaspace       used 40260K, capacity 41804K, committed 42112K, reserved 1085440K
  class space    used 5571K, capacity 6220K, committed 6272K, reserved 1048576K
}
Event: 5007.732 GC heap before
{Heap before GC invocations=14 (full 3):
 PSYoungGen      total 176128K, used 164352K [0x00000000eab00000, 0x00000000f7580000, 0x0000000100000000)
  eden space 164352K, 100% used [0x00000000eab00000,0x00000000f4b80000,0x00000000f4b80000)
  from space 11776K, 0% used [0x00000000f6a00000,0x00000000f6a00000,0x00000000f7580000)
  to   space 21504K, 0% used [0x00000000f4b80000,0x00000000f4b80000,0x00000000f6080000)
 ParOldGen       total 110080K, used 43703K [0x00000000c0000000, 0x00000000c6b80000, 0x00000000eab00000)
  object space 110080K, 39% used [0x00000000c0000000,0x00000000c2aadec0,0x00000000c6b80000)
 Metaspace       used 46085K, capacity 48248K, committed 48512K, reserved 1091584K
  class space    used 6363K, capacity 7210K, committed 7296K, reserved 1048576K
Event: 5007.757 GC heap after
Heap after GC invocations=14 (full 3):
 PSYoungGen      total 185856K, used 21500K [0x00000000eab00000, 0x00000000f9a00000, 0x0000000100000000)
  eden space 164352K, 0% used [0x00000000eab00000,0x00000000eab00000,0x00000000f4b80000)
  from space 21504K, 99% used [0x00000000f4b80000,0x00000000f607f1a0,0x00000000f6080000)
  to   space 25600K, 0% used [0x00000000f8100000,0x00000000f8100000,0x00000000f9a00000)
 ParOldGen       total 110080K, used 46043K [0x00000000c0000000, 0x00000000c6b80000, 0x00000000eab00000)
  object space 110080K, 41% used [0x00000000c0000000,0x00000000c2cf6fb8,0x00000000c6b80000)
 Metaspace       used 46085K, capacity 48248K, committed 48512K, reserved 1091584K
  class space    used 6363K, capacity 7210K, committed 7296K, reserved 1048576K
}
Event: 5007.914 GC heap before
{Heap before GC invocations=15 (full 3):
 PSYoungGen      total 185856K, used 30963K [0x00000000eab00000, 0x00000000f9a00000, 0x0000000100000000)
  eden space 164352K, 5% used [0x00000000eab00000,0x00000000eb43da70,0x00000000f4b80000)
  from space 21504K, 99% used [0x00000000f4b80000,0x00000000f607f1a0,0x00000000f6080000)
  to   space 25600K, 0% used [0x00000000f8100000,0x00000000f8100000,0x00000000f9a00000)
 ParOldGen       total 110080K, used 46043K [0x00000000c0000000, 0x00000000c6b80000, 0x00000000eab00000)
  object space 110080K, 41% used [0x00000000c0000000,0x00000000c2cf6fb8,0x00000000c6b80000)
 Metaspace       used 46377K, capacity 48628K, committed 48768K, reserved 1091584K
  class space    used 6402K, capacity 7246K, committed 7296K, reserved 1048576K
Event: 5007.977 GC heap after
Heap after GC invocations=15 (full 3):
 PSYoungGen      total 217088K, used 10884K [0x00000000eab00000, 0x00000000f9800000, 0x0000000100000000)
  eden space 193536K, 0% used [0x00000000eab00000,0x00000000eab00000,0x00000000f6800000)
  from space 23552K, 46% used [0x00000000f8100000,0x00000000f8ba1048,0x00000000f9800000)
  to   space 24576K, 0% used [0x00000000f6800000,0x00000000f6800000,0x00000000f8000000)
 ParOldGen       total 110080K, used 46051K [0x00000000c0000000, 0x00000000c6b80000, 0x00000000eab00000)
  object space 110080K, 41% used [0x00000000c0000000,0x00000000c2cf8fb8,0x00000000c6b80000)
 Metaspace       used 46377K, capacity 48628K, committed 48768K, reserved 1091584K
  class space    used 6402K, capacity 7246K, committed 7296K, reserved 1048576K
}
Event: 5007.977 GC heap before
{Heap before GC invocations=16 (full 4):
 PSYoungGen      total 217088K, used 10884K [0x00000000eab00000, 0x00000000f9800000, 0x0000000100000000)
  eden space 193536K, 0% used [0x00000000eab00000,0x00000000eab00000,0x00000000f6800000)
  from space 23552K, 46% used [0x00000000f8100000,0x00000000f8ba1048,0x00000000f9800000)
  to   space 24576K, 0% used [0x00000000f6800000,0x00000000f6800000,0x00000000f8000000)
 ParOldGen       total 110080K, used 46051K [0x00000000c0000000, 0x00000000c6b80000, 0x00000000eab00000)
  object space 110080K, 41% used [0x00000000c0000000,0x00000000c2cf8fb8,0x00000000c6b80000)
 Metaspace       used 46377K, capacity 48628K, committed 48768K, reserved 1091584K
  class space    used 6402K, capacity 7246K, committed 7296K, reserved 1048576K
Event: 5008.322 GC heap after
Heap after GC invocations=16 (full 4):
 PSYoungGen      total 217088K, used 0K [0x00000000eab00000, 0x00000000f9800000, 0x0000000100000000)
  eden space 193536K, 0% used [0x00000000eab00000,0x00000000eab00000,0x00000000f6800000)
  from space 23552K, 0% used [0x00000000f8100000,0x00000000f8100000,0x00000000f9800000)
  to   space 24576K, 0% used [0x00000000f6800000,0x00000000f6800000,0x00000000f8000000)
 ParOldGen       total 110080K, used 33181K [0x00000000c0000000, 0x00000000c6b80000, 0x00000000eab00000)
  object space 110080K, 30% used [0x00000000c0000000,0x00000000c2067420,0x00000000c6b80000)
 Metaspace       used 45557K, capacity 46974K, committed 48768K, reserved 1091584K
  class space    used 6131K, capacity 6659K, committed 7296K, reserved 1048576K
}

